<?xml version="1.0" encoding="UTF-8" ?>
<testsuite failures="0" time="0.072" errors="0" skipped="0" tests="1" name="com.navid.trafalgar.modwindtunnel.AppTest">
  <properties>
    <property name="java.runtime.name" value="OpenJDK Runtime Environment"/>
    <property name="sun.boot.library.path" value="/usr/lib64/jvm/java-1.6.0-openjdk-1.6.0/jre/lib/amd64"/>
    <property name="java.vm.version" value="20.0-b12"/>
    <property name="java.vm.vendor" value="Sun Microsystems Inc."/>
    <property name="java.vendor.url" value="http://java.sun.com/"/>
    <property name="path.separator" value=":"/>
    <property name="guice.disable.misplaced.annotation.check" value="true"/>
    <property name="java.vm.name" value="OpenJDK 64-Bit Server VM"/>
    <property name="file.encoding.pkg" value="sun.io"/>
    <property name="user.country" value="ES"/>
    <property name="sun.java.launcher" value="SUN_STANDARD"/>
    <property name="sun.os.patch.level" value="unknown"/>
    <property name="java.vm.specification.name" value="Java Virtual Machine Specification"/>
    <property name="user.dir" value="/home/alberto/code/cabo-trafalgar/client/modWindTunnel"/>
    <property name="java.runtime.version" value="1.6.0_24-b24"/>
    <property name="java.awt.graphicsenv" value="sun.awt.X11GraphicsEnvironment"/>
    <property name="java.endorsed.dirs" value="/usr/lib64/jvm/java-1.6.0-openjdk-1.6.0/jre/lib/endorsed"/>
    <property name="os.arch" value="amd64"/>
    <property name="java.io.tmpdir" value="/tmp"/>
    <property name="line.separator" value="
"/>
    <property name="java.vm.specification.vendor" value="Sun Microsystems Inc."/>
    <property name="os.name" value="Linux"/>
    <property name="classworlds.conf" value="/home/alberto/apps/netbeans-7.1.1/java/maven/bin/m2.conf"/>
    <property name="sun.jnu.encoding" value="UTF-8"/>
    <property name="java.library.path" value="/usr/lib64/jvm/java-1.6.0-openjdk-1.6.0/jre/lib/amd64/server:/usr/lib64/jvm/java-1.6.0-openjdk-1.6.0/jre/lib/amd64:/usr/lib64/jvm/java-1.6.0-openjdk-1.6.0/jre/../lib/amd64:/usr/java/packages/lib/amd64:/usr/lib64:/lib64:/lib:/usr/lib"/>
    <property name="java.specification.name" value="Java Platform API Specification"/>
    <property name="java.class.version" value="50.0"/>
    <property name="sun.management.compiler" value="HotSpot 64-Bit Tiered Compilers"/>
    <property name="os.version" value="3.1.10-1.16-desktop"/>
    <property name="user.home" value="/home/alberto"/>
    <property name="user.timezone" value="Europe/Jersey"/>
    <property name="java.awt.printerjob" value="sun.print.PSPrinterJob"/>
    <property name="file.encoding" value="UTF-8"/>
    <property name="java.specification.version" value="1.6"/>
    <property name="user.name" value="alberto"/>
    <property name="java.class.path" value="/home/alberto/apps/netbeans-7.1.1/java/maven/boot/plexus-classworlds-2.4.jar"/>
    <property name="java.vm.specification.version" value="1.0"/>
    <property name="sun.arch.data.model" value="64"/>
    <property name="java.home" value="/usr/lib64/jvm/java-1.6.0-openjdk-1.6.0/jre"/>
    <property name="sun.java.command" value="org.codehaus.plexus.classworlds.launcher.Launcher clean install"/>
    <property name="java.specification.vendor" value="Sun Microsystems Inc."/>
    <property name="user.language" value="es"/>
    <property name="java.vm.info" value="mixed mode"/>
    <property name="java.version" value="1.6.0_24"/>
    <property name="java.ext.dirs" value="/usr/lib64/jvm/java-1.6.0-openjdk-1.6.0/jre/lib/ext:/usr/java/packages/lib/ext"/>
    <property name="securerandom.source" value="file:/dev/./urandom"/>
    <property name="sun.boot.class.path" value="/usr/lib64/jvm/java-1.6.0-openjdk-1.6.0/jre/lib/resources.jar:/usr/lib64/jvm/java-1.6.0-openjdk-1.6.0/jre/lib/rt.jar:/usr/lib64/jvm/java-1.6.0-openjdk-1.6.0/jre/lib/sunrsasign.jar:/usr/lib64/jvm/java-1.6.0-openjdk-1.6.0/jre/lib/jsse.jar:/usr/lib64/jvm/java-1.6.0-openjdk-1.6.0/jre/lib/jce.jar:/usr/lib64/jvm/java-1.6.0-openjdk-1.6.0/jre/lib/charsets.jar:/usr/lib64/jvm/java-1.6.0-openjdk-1.6.0/jre/lib/netx.jar:/usr/lib64/jvm/java-1.6.0-openjdk-1.6.0/jre/lib/plugin.jar:/usr/lib64/jvm/java-1.6.0-openjdk-1.6.0/jre/lib/rhino.jar:/usr/lib64/jvm/java-1.6.0-openjdk-1.6.0/jre/lib/modules/jdk.boot.jar:/usr/lib64/jvm/java-1.6.0-openjdk-1.6.0/jre/classes"/>
    <property name="java.vendor" value="Sun Microsystems Inc."/>
    <property name="maven.home" value="/home/alberto/apps/netbeans-7.1.1/java/maven"/>
    <property name="file.separator" value="/"/>
    <property name="java.vendor.url.bug" value="http://java.sun.com/cgi-bin/bugreport.cgi"/>
    <property name="sun.cpu.endian" value="little"/>
    <property name="sun.io.unicode.encoding" value="UnicodeLittle"/>
    <property name="sun.cpu.isalist" value=""/>
  </properties>
  <testcase time="0.001" classname="com.navid.trafalgar.modwindtunnel.AppTest" name="testApp"/>
</testsuite>